{
  message: 'Database is connected successfully',
  level: 'info',
  service: 'user-service',
  label: 'DUCK',
  timestamp: '2023-06-14T03:31:27.224Z'
}
{
  message: 'Application listening on port 5000',
  level: 'info',
  service: 'user-service',
  label: 'DUCK',
  timestamp: '2023-06-14T03:31:27.252Z'
}
{
  message: 'Database is connected successfully',
  level: 'info',
  service: 'user-service',
  label: 'DUCK',
  timestamp: '2023-06-14T03:43:16.617Z'
}
{
  message: 'Application listening on port 5000',
  level: 'info',
  service: 'user-service',
  label: 'DUCK',
  timestamp: '2023-06-14T03:43:16.641Z'
}
{
  message: 'Database is connected successfully',
  level: 'info',
  service: 'user-service',
  label: 'DUCK',
  timestamp: '2023-06-14T03:57:24.544Z'
}
{
  message: 'Application listening on port 5000',
  level: 'info',
  service: 'user-service',
  label: 'DUCK',
  timestamp: '2023-06-14T03:57:24.588Z'
}
