{
  message: 'Database is connected successfully',
  level: 'info',
  service: 'user-service',
  label: 'DUCK',
  timestamp: '2023-06-28T18:02:30.759Z'
}
{
  message: 'Application listening on port 5000',
  level: 'info',
  service: 'user-service',
  label: 'DUCK',
  timestamp: '2023-06-28T18:02:30.794Z'
}
{
  message: 'Database is connected successfully',
  level: 'info',
  service: 'user-service',
  label: 'DUCK',
  timestamp: '2023-06-28T18:12:39.808Z'
}
{
  message: 'Application listening on port 5000',
  level: 'info',
  service: 'user-service',
  label: 'DUCK',
  timestamp: '2023-06-28T18:12:39.839Z'
}
{
  message: 'Database is connected successfully',
  level: 'info',
  service: 'user-service',
  label: 'DUCK',
  timestamp: '2023-06-28T18:20:42.980Z'
}
{
  message: 'Application listening on port 5000',
  level: 'info',
  service: 'user-service',
  label: 'DUCK',
  timestamp: '2023-06-28T18:20:43.190Z'
}
