{
  message: 'Database is connected successfully',
  level: 'info',
  service: 'user-service',
  label: 'DUCK',
  timestamp: '2023-06-22T11:01:54.094Z'
}
{
  message: 'Application listening on port 5000',
  level: 'info',
  service: 'user-service',
  label: 'DUCK',
  timestamp: '2023-06-22T11:01:54.131Z'
}
{
  message: 'Database is connected successfully',
  level: 'info',
  service: 'user-service',
  label: 'DUCK',
  timestamp: '2023-06-22T11:02:12.897Z'
}
{
  message: 'Application listening on port 5000',
  level: 'info',
  service: 'user-service',
  label: 'DUCK',
  timestamp: '2023-06-22T11:02:12.973Z'
}
{
  message: 'Database is connected successfully',
  level: 'info',
  service: 'user-service',
  label: 'DUCK',
  timestamp: '2023-06-22T11:06:32.710Z'
}
{
  message: 'Application listening on port 5000',
  level: 'info',
  service: 'user-service',
  label: 'DUCK',
  timestamp: '2023-06-22T11:06:32.733Z'
}
