{
  service: 'user-service',
  errno: undefined,
  code: 'ETIMEOUT',
  syscall: 'querySrv',
  hostname: '_mongodb._tcp.cluster0.zingp.mongodb.net',
  level: 'error',
  message: 'Failed to connect database querySrv ETIMEOUT _mongodb._tcp.cluster0.zingp.mongodb.net',
  stack: 'Error: querySrv ETIMEOUT _mongodb._tcp.cluster0.zingp.mongodb.net\n' +
    '    at QueryReqWrap.onresolve [as oncomplete] (node:internal/dns/promises:251:17)',
  label: 'DUCK',
  timestamp: '2023-06-07T06:21:04.292Z'
}
{
  service: 'user-service',
  errno: undefined,
  code: 'ECONNREFUSED',
  syscall: 'querySrv',
  hostname: '_mongodb._tcp.cluster0.zingp.mongodb.net',
  level: 'error',
  message: 'Failed to connect database querySrv ECONNREFUSED _mongodb._tcp.cluster0.zingp.mongodb.net',
  stack: 'Error: querySrv ECONNREFUSED _mongodb._tcp.cluster0.zingp.mongodb.net\n' +
    '    at QueryReqWrap.onresolve [as oncomplete] (node:internal/dns/promises:251:17)',
  label: 'DUCK',
  timestamp: '2023-06-07T06:29:17.440Z'
}
