{
  message: 'Database is connected successfully',
  level: 'info',
  service: 'user-service',
  label: 'DUCK',
  timestamp: '2023-06-13T03:01:53.812Z'
}
{
  message: 'Application listening on port 5000',
  level: 'info',
  service: 'user-service',
  label: 'DUCK',
  timestamp: '2023-06-13T03:01:53.844Z'
}
{
  message: 'Database is connected successfully',
  level: 'info',
  service: 'user-service',
  label: 'DUCK',
  timestamp: '2023-06-13T03:29:42.543Z'
}
{
  message: 'Application listening on port 5000',
  level: 'info',
  service: 'user-service',
  label: 'DUCK',
  timestamp: '2023-06-13T03:29:42.843Z'
}
{
  message: 'Database is connected successfully',
  level: 'info',
  service: 'user-service',
  label: 'DUCK',
  timestamp: '2023-06-13T03:33:39.387Z'
}
{
  message: 'Application listening on port 5000',
  level: 'info',
  service: 'user-service',
  label: 'DUCK',
  timestamp: '2023-06-13T03:33:39.663Z'
}
{
  message: 'Database is connected successfully',
  level: 'info',
  service: 'user-service',
  label: 'DUCK',
  timestamp: '2023-06-13T03:34:12.000Z'
}
{
  message: 'Application listening on port 5000',
  level: 'info',
  service: 'user-service',
  label: 'DUCK',
  timestamp: '2023-06-13T03:34:12.030Z'
}
{
  message: 'Database is connected successfully',
  level: 'info',
  service: 'user-service',
  label: 'DUCK',
  timestamp: '2023-06-13T03:36:47.016Z'
}
{
  message: 'Application listening on port 5000',
  level: 'info',
  service: 'user-service',
  label: 'DUCK',
  timestamp: '2023-06-13T03:36:47.044Z'
}
{
  message: 'Database is connected successfully',
  level: 'info',
  service: 'user-service',
  label: 'DUCK',
  timestamp: '2023-06-13T03:37:15.719Z'
}
{
  message: 'Application listening on port 5000',
  level: 'info',
  service: 'user-service',
  label: 'DUCK',
  timestamp: '2023-06-13T03:37:15.742Z'
}
{
  message: 'Database is connected successfully',
  level: 'info',
  service: 'user-service',
  label: 'DUCK',
  timestamp: '2023-06-13T03:42:17.406Z'
}
{
  message: 'Application listening on port 5000',
  level: 'info',
  service: 'user-service',
  label: 'DUCK',
  timestamp: '2023-06-13T03:42:17.429Z'
}
{
  message: 'Database is connected successfully',
  level: 'info',
  service: 'user-service',
  label: 'DUCK',
  timestamp: '2023-06-13T03:43:00.310Z'
}
{
  message: 'Application listening on port 5000',
  level: 'info',
  service: 'user-service',
  label: 'DUCK',
  timestamp: '2023-06-13T03:43:00.391Z'
}
{
  message: 'Database is connected successfully',
  level: 'info',
  service: 'user-service',
  label: 'DUCK',
  timestamp: '2023-06-13T03:57:24.058Z'
}
{
  message: 'Application listening on port 5000',
  level: 'info',
  service: 'user-service',
  label: 'DUCK',
  timestamp: '2023-06-13T03:57:24.079Z'
}
{
  message: 'Database is connected successfully',
  level: 'info',
  service: 'user-service',
  label: 'DUCK',
  timestamp: '2023-06-13T03:57:45.829Z'
}
{
  message: 'Application listening on port 5000',
  level: 'info',
  service: 'user-service',
  label: 'DUCK',
  timestamp: '2023-06-13T03:57:45.864Z'
}
