{
  message: 'Database is connected successfully',
  level: 'info',
  service: 'user-service',
  label: 'DUCK',
  timestamp: '2023-06-08T02:00:33.405Z'
}
{
  message: 'Application listening on port 5000',
  level: 'info',
  service: 'user-service',
  label: 'DUCK',
  timestamp: '2023-06-08T02:00:33.479Z'
}
{
  message: 'Database is connected successfully',
  level: 'info',
  service: 'user-service',
  label: 'DUCK',
  timestamp: '2023-06-08T02:03:10.858Z'
}
{
  message: 'Application listening on port 5000',
  level: 'info',
  service: 'user-service',
  label: 'DUCK',
  timestamp: '2023-06-08T02:03:11.065Z'
}
{
  message: 'Database is connected successfully',
  level: 'info',
  service: 'user-service',
  label: 'DUCK',
  timestamp: '2023-06-08T02:03:18.554Z'
}
{
  message: 'Application listening on port 5000',
  level: 'info',
  service: 'user-service',
  label: 'DUCK',
  timestamp: '2023-06-08T02:03:18.590Z'
}
{
  message: 'Database is connected successfully',
  level: 'info',
  service: 'user-service',
  label: 'DUCK',
  timestamp: '2023-06-08T02:07:25.745Z'
}
{
  message: 'Application listening on port 5000',
  level: 'info',
  service: 'user-service',
  label: 'DUCK',
  timestamp: '2023-06-08T02:07:25.812Z'
}
{
  message: 'Database is connected successfully',
  level: 'info',
  service: 'user-service',
  label: 'DUCK',
  timestamp: '2023-06-08T02:14:28.919Z'
}
{
  message: 'Application listening on port 5000',
  level: 'info',
  service: 'user-service',
  label: 'DUCK',
  timestamp: '2023-06-08T02:14:29.004Z'
}
{
  message: 'Database is connected successfully',
  level: 'info',
  service: 'user-service',
  label: 'DUCK',
  timestamp: '2023-06-08T02:16:26.082Z'
}
{
  message: 'Application listening on port 5000',
  level: 'info',
  service: 'user-service',
  label: 'DUCK',
  timestamp: '2023-06-08T02:16:26.154Z'
}
{
  message: 'Database is connected successfully',
  level: 'info',
  service: 'user-service',
  label: 'DUCK',
  timestamp: '2023-06-08T02:26:59.372Z'
}
{
  message: 'Application listening on port 5000',
  level: 'info',
  service: 'user-service',
  label: 'DUCK',
  timestamp: '2023-06-08T02:26:59.437Z'
}
{
  message: 'Database is connected successfully',
  level: 'info',
  service: 'user-service',
  label: 'DUCK',
  timestamp: '2023-06-08T02:35:09.325Z'
}
{
  message: 'Application listening on port 5000',
  level: 'info',
  service: 'user-service',
  label: 'DUCK',
  timestamp: '2023-06-08T02:35:09.393Z'
}
{
  message: 'Database is connected successfully',
  level: 'info',
  service: 'user-service',
  label: 'DUCK',
  timestamp: '2023-06-08T02:42:16.322Z'
}
{
  message: 'Application listening on port 5000',
  level: 'info',
  service: 'user-service',
  label: 'DUCK',
  timestamp: '2023-06-08T02:42:16.350Z'
}
