{
  statusCode: 409,
  level: 'error',
  service: 'user-service',
  label: 'DUCK',
  timestamp: '2023-06-12T03:03:57.823Z'
}
{
  statusCode: 400,
  level: 'error',
  service: 'user-service',
  label: 'DUCK',
  timestamp: '2023-06-12T03:25:00.822Z'
}
{
  statusCode: 400,
  level: 'error',
  service: 'user-service',
  label: 'DUCK',
  timestamp: '2023-06-12T03:26:24.433Z'
}
{
  statusCode: 409,
  level: 'error',
  service: 'user-service',
  label: 'DUCK',
  timestamp: '2023-06-12T03:32:58.329Z'
}
{
  statusCode: 409,
  level: 'error',
  service: 'user-service',
  label: 'DUCK',
  timestamp: '2023-06-12T03:33:57.548Z'
}
