{
  service: 'user-service',
  issues: [
    {
      code: 'invalid_type',
      expected: 'string',
      received: 'undefined',
      path: [ 'body', 'academicFaculty' ],
      message: 'Academic Faculty is required'
    }
  ],
  addIssue: [Function (anonymous)],
  addIssues: [Function (anonymous)],
  name: 'ZodError',
  level: 'error',
  message: 'GlobalErrorHander [\n' +
    '  {\n' +
    '    "code": "invalid_type",\n' +
    '    "expected": "string",\n' +
    '    "received": "undefined",\n' +
    '    "path": [\n' +
    '      "body",\n' +
    '      "academicFaculty"\n' +
    '    ],\n' +
    '    "message": "Academic Faculty is required"\n' +
    '  }\n' +
    ']',
  stack: 'ZodError: [\n' +
    '  {\n' +
    '    "code": "invalid_type",\n' +
    '    "expected": "string",\n' +
    '    "received": "undefined",\n' +
    '    "path": [\n' +
    '      "body",\n' +
    '      "academicFaculty"\n' +
    '    ],\n' +
    '    "message": "Academic Faculty is required"\n' +
    '  }\n' +
    ']\n' +
    '    at Object.get error [as error] (E:\\Programing Hero\\university-management-backend\\node_modules\\zod\\lib\\types.js:43:31)\n' +
    '    at ZodObject.parseAsync (E:\\Programing Hero\\university-management-backend\\node_modules\\zod\\lib\\types.js:164:22)\n' +
    '    at processTicksAndRejections (node:internal/process/task_queues:95:5)',
  label: 'DUCK',
  timestamp: '2023-06-14T05:49:30.201Z'
}
{
  service: 'user-service',
  path: 'academicFaculty',
  level: 'error',
  message: 'GlobalErrorHander Cannot populate path `academicFaculty` because it is not in your schema. Set the `strictPopulate` option to false to override.',
  stack: 'StrictPopulateError: Cannot populate path `academicFaculty` because it is not in your schema. Set the `strictPopulate` option to false to override.\n' +
    '    at getModelsMapForPopulate (E:\\Programing Hero\\university-management-backend\\node_modules\\mongoose\\lib\\helpers\\populate\\getModelsMapForPopulate.js:49:12)\n' +
    '    at populate (E:\\Programing Hero\\university-management-backend\\node_modules\\mongoose\\lib\\model.js:4243:21)\n' +
    '    at _populate (E:\\Programing Hero\\university-management-backend\\node_modules\\mongoose\\lib\\model.js:4203:5)\n' +
    '    at E:\\Programing Hero\\university-management-backend\\node_modules\\mongoose\\lib\\model.js:4175:5\n' +
    '    at new Promise (<anonymous>)\n' +
    '    at Function.populate (E:\\Programing Hero\\university-management-backend\\node_modules\\mongoose\\lib\\model.js:4174:10)\n' +
    '    at model.populate (E:\\Programing Hero\\university-management-backend\\node_modules\\mongoose\\lib\\document.js:4418:24)\n' +
    '    at E:\\Programing Hero\\university-management-backend\\src\\app\\modules\\academicDepartment\\academicDepartment.Service.ts:7:61\n' +
    '    at Generator.next (<anonymous>)\n' +
    '    at fulfilled (E:\\Programing Hero\\university-management-backend\\src\\app\\modules\\academicDepartment\\academicDepartment.Service.ts:5:58)',
  label: 'DUCK',
  timestamp: '2023-06-14T05:50:26.984Z'
}
{
  service: 'user-service',
  index: 0,
  code: 11000,
  keyPattern: { title: 1 },
  keyValue: { title: 'Department of Computer Science' },
  level: 'error',
  message: 'GlobalErrorHander E11000 duplicate key error collection: university-management.academicdepartments index: title_1 dup key: { title: "Department of Computer Science" }',
  stack: 'MongoServerError: E11000 duplicate key error collection: university-management.academicdepartments index: title_1 dup key: { title: "Department of Computer Science" }\n' +
    '    at E:\\Programing Hero\\university-management-backend\\node_modules\\mongodb\\src\\operations\\insert.ts:85:25\n' +
    '    at E:\\Programing Hero\\university-management-backend\\node_modules\\mongodb\\src\\cmap\\connection_pool.ts:574:11\n' +
    '    at E:\\Programing Hero\\university-management-backend\\node_modules\\mongodb\\src\\sdam\\server.ts:368:13\n' +
    '    at handleOperationResult (E:\\Programing Hero\\university-management-backend\\node_modules\\mongodb\\src\\sdam\\server.ts:502:14)\n' +
    '    at Connection.onMessage (E:\\Programing Hero\\university-management-backend\\node_modules\\mongodb\\src\\cmap\\connection.ts:418:5)\n' +
    '    at MessageStream.<anonymous> (E:\\Programing Hero\\university-management-backend\\node_modules\\mongodb\\src\\cmap\\connection.ts:243:56)\n' +
    '    at MessageStream.emit (node:events:512:28)\n' +
    '    at processIncomingData (E:\\Programing Hero\\university-management-backend\\node_modules\\mongodb\\src\\cmap\\message_stream.ts:187:12)\n' +
    '    at MessageStream._write (E:\\Programing Hero\\university-management-backend\\node_modules\\mongodb\\src\\cmap\\message_stream.ts:68:5)\n' +
    '    at writeOrBuffer (node:internal/streams/writable:392:12)',
  label: 'DUCK',
  timestamp: '2023-06-14T05:53:29.825Z',
  [Symbol(errorLabels)]: Set(0) {}
}
{
  service: 'user-service',
  errors: {
    academicFaculty: CastError: Cast to ObjectId failed for value "64894033a7b7af3d6c3b534" (type string) at path "academicFaculty" because of "BSONError"
        at ObjectId.cast (E:\Programing Hero\university-management-backend\node_modules\mongoose\lib\schema\objectid.js:248:11)
        at ObjectId.SchemaType.applySetters (E:\Programing Hero\university-management-backend\node_modules\mongoose\lib\schematype.js:1204:12)
        at model.$set (E:\Programing Hero\university-management-backend\node_modules\mongoose\lib\document.js:1414:22)
        at model.$set (E:\Programing Hero\university-management-backend\node_modules\mongoose\lib\document.js:1116:16)
        at model.Document (E:\Programing Hero\university-management-backend\node_modules\mongoose\lib\document.js:165:12)
        at model.Model (E:\Programing Hero\university-management-backend\node_modules\mongoose\lib\model.js:122:12)
        at new model (E:\Programing Hero\university-management-backend\node_modules\mongoose\lib\model.js:4607:15)
        at E:\Programing Hero\university-management-backend\node_modules\mongoose\lib\model.js:2851:16
        at Array.map (<anonymous>)
        at Function.create (E:\Programing Hero\university-management-backend\node_modules\mongoose\lib\model.js:2840:38) {
      stringValue: '"64894033a7b7af3d6c3b534"',
      messageFormat: undefined,
      kind: 'ObjectId',
      value: '64894033a7b7af3d6c3b534',
      path: 'academicFaculty',
      reason: BSONError: Argument passed in must be a string of 12 bytes or a string of 24 hex characters or an integer
          at new ObjectId (E:\Programing Hero\university-management-backend\node_modules\bson\src\objectid.ts:88:15)
          at castObjectId (E:\Programing Hero\university-management-backend\node_modules\mongoose\lib\cast\objectid.js:25:12)
          at ObjectId.cast (E:\Programing Hero\university-management-backend\node_modules\mongoose\lib\schema\objectid.js:246:12)
          at ObjectId.SchemaType.applySetters (E:\Programing Hero\university-management-backend\node_modules\mongoose\lib\schematype.js:1204:12)
          at model.$set (E:\Programing Hero\university-management-backend\node_modules\mongoose\lib\document.js:1414:22)
          at model.$set (E:\Programing Hero\university-management-backend\node_modules\mongoose\lib\document.js:1116:16)
          at model.Document (E:\Programing Hero\university-management-backend\node_modules\mongoose\lib\document.js:165:12)
          at model.Model (E:\Programing Hero\university-management-backend\node_modules\mongoose\lib\model.js:122:12)
          at new model (E:\Programing Hero\university-management-backend\node_modules\mongoose\lib\model.js:4607:15)
          at E:\Programing Hero\university-management-backend\node_modules\mongoose\lib\model.js:2851:16,
      valueType: 'string'
    }
  },
  _message: 'AcademicDepartment validation failed',
  level: 'error',
  message: 'GlobalErrorHander AcademicDepartment validation failed: academicFaculty: Cast to ObjectId failed for value "64894033a7b7af3d6c3b534" (type string) at path "academicFaculty" because of "BSONError"',
  stack: 'ValidationError: AcademicDepartment validation failed: academicFaculty: Cast to ObjectId failed for value "64894033a7b7af3d6c3b534" (type string) at path "academicFaculty" because of "BSONError"\n' +
    '    at model.Document.invalidate (E:\\Programing Hero\\university-management-backend\\node_modules\\mongoose\\lib\\document.js:3147:32)\n' +
    '    at model.$set (E:\\Programing Hero\\university-management-backend\\node_modules\\mongoose\\lib\\document.js:1456:12)\n' +
    '    at model.$set (E:\\Programing Hero\\university-management-backend\\node_modules\\mongoose\\lib\\document.js:1116:16)\n' +
    '    at model.Document (E:\\Programing Hero\\university-management-backend\\node_modules\\mongoose\\lib\\document.js:165:12)\n' +
    '    at model.Model (E:\\Programing Hero\\university-management-backend\\node_modules\\mongoose\\lib\\model.js:122:12)\n' +
    '    at new model (E:\\Programing Hero\\university-management-backend\\node_modules\\mongoose\\lib\\model.js:4607:15)\n' +
    '    at E:\\Programing Hero\\university-management-backend\\node_modules\\mongoose\\lib\\model.js:2851:16\n' +
    '    at Array.map (<anonymous>)\n' +
    '    at Function.create (E:\\Programing Hero\\university-management-backend\\node_modules\\mongoose\\lib\\model.js:2840:38)\n' +
    '    at E:\\Programing Hero\\university-management-backend\\src\\app\\modules\\academicDepartment\\academicDepartment.Service.ts:7:44',
  label: 'DUCK',
  timestamp: '2023-06-14T05:58:11.849Z'
}
