{
  service: 'user-service',
  stringValue: `"{ id: '6497e00c8efd25bbfe504f58' }"`,
  messageFormat: undefined,
  kind: 'ObjectId',
  value: { id: '6497e00c8efd25bbfe504f58' },
  path: '_id',
  reason: BSONError: Argument passed in must be a string of 12 bytes or a string of 24 hex characters or an integer
      at new ObjectId (E:\Programing Hero\university-management-backend\node_modules\bson\src\objectid.ts:88:15)
      at castObjectId (E:\Programing Hero\university-management-backend\node_modules\mongoose\lib\cast\objectid.js:25:12)
      at ObjectId.cast (E:\Programing Hero\university-management-backend\node_modules\mongoose\lib\schema\objectid.js:246:12)
      at ObjectId.SchemaType.applySetters (E:\Programing Hero\university-management-backend\node_modules\mongoose\lib\schematype.js:1204:12)
      at ObjectId.SchemaType.castForQuery (E:\Programing Hero\university-management-backend\node_modules\mongoose\lib\schematype.js:1616:15)
      at cast (E:\Programing Hero\university-management-backend\node_modules\mongoose\lib\cast.js:290:34)
      at model.Query.Query.cast (E:\Programing Hero\university-management-backend\node_modules\mongoose\lib\query.js:4874:12)
      at model.Query.Query._castConditions (E:\Programing Hero\university-management-backend\node_modules\mongoose\lib\query.js:2210:10)
      at model.Query._findOne (E:\Programing Hero\university-management-backend\node_modules\mongoose\lib\query.js:2497:8)
      at model.Query.exec (E:\Programing Hero\university-management-backend\node_modules\mongoose\lib\query.js:4404:28),
  valueType: 'Object',
  model: Model { Faculty },
  level: 'error',
  message: `GlobalErrorHander Cast to ObjectId failed for value "{ id: '6497e00c8efd25bbfe504f58' }" (type Object) at path "_id" for model "Faculty"`,
  stack: `CastError: Cast to ObjectId failed for value "{ id: '6497e00c8efd25bbfe504f58' }" (type Object) at path "_id" for model "Faculty"\n` +
    '    at ObjectId.cast (E:\\Programing Hero\\university-management-backend\\node_modules\\mongoose\\lib\\schema\\objectid.js:248:11)\n' +
    '    at ObjectId.SchemaType.applySetters (E:\\Programing Hero\\university-management-backend\\node_modules\\mongoose\\lib\\schematype.js:1204:12)\n' +
    '    at ObjectId.SchemaType.castForQuery (E:\\Programing Hero\\university-management-backend\\node_modules\\mongoose\\lib\\schematype.js:1616:15)\n' +
    '    at cast (E:\\Programing Hero\\university-management-backend\\node_modules\\mongoose\\lib\\cast.js:290:34)\n' +
    '    at model.Query.Query.cast (E:\\Programing Hero\\university-management-backend\\node_modules\\mongoose\\lib\\query.js:4874:12)\n' +
    '    at model.Query.Query._castConditions (E:\\Programing Hero\\university-management-backend\\node_modules\\mongoose\\lib\\query.js:2210:10)\n' +
    '    at model.Query._findOne (E:\\Programing Hero\\university-management-backend\\node_modules\\mongoose\\lib\\query.js:2497:8)\n' +
    '    at model.Query.exec (E:\\Programing Hero\\university-management-backend\\node_modules\\mongoose\\lib\\query.js:4404:28)\n' +
    '    at processTicksAndRejections (node:internal/process/task_queues:95:5)',
  label: 'DUCK',
  timestamp: '2023-06-25T11:01:10.981Z'
}
{
  service: 'user-service',
  statusCode: 404,
  level: 'error',
  message: 'GlobalErrorHander Failed to delete student',
  stack: 'Error: Failed to delete student\n' +
    '    at E:\\Programing Hero\\university-management-backend\\src\\app\\modules\\faculty\\faculty.Service.ts:122:13\n' +
    '    at Generator.next (<anonymous>)\n' +
    '    at fulfilled (E:\\Programing Hero\\university-management-backend\\src\\app\\modules\\faculty\\faculty.Service.ts:5:58)\n' +
    '    at processTicksAndRejections (node:internal/process/task_queues:95:5)',
  label: 'DUCK',
  timestamp: '2023-06-25T11:02:59.135Z'
}
{
  level: 'error',
  service: 'user-service',
  label: 'DUCK',
  timestamp: '2023-06-25T11:03:51.009Z',
  [Symbol(errorLabels)]: Set(0) {}
}
{
  level: 'error',
  service: 'user-service',
  label: 'DUCK',
  timestamp: '2023-06-25T11:06:56.174Z',
  [Symbol(errorLabels)]: Set(0) {}
}
{
  level: 'error',
  service: 'user-service',
  label: 'DUCK',
  timestamp: '2023-06-25T11:09:30.071Z',
  [Symbol(errorLabels)]: Set(0) {}
}
{
  level: 'error',
  service: 'user-service',
  label: 'DUCK',
  timestamp: '2023-06-25T11:13:08.528Z',
  [Symbol(errorLabels)]: Set(0) {}
}
{
  level: 'error',
  service: 'user-service',
  label: 'DUCK',
  timestamp: '2023-06-25T11:17:48.592Z',
  [Symbol(errorLabels)]: Set(0) {}
}
{
  level: 'error',
  service: 'user-service',
  label: 'DUCK',
  timestamp: '2023-06-25T11:20:26.402Z',
  [Symbol(errorLabels)]: Set(0) {}
}
{
  level: 'error',
  service: 'user-service',
  label: 'DUCK',
  timestamp: '2023-06-25T11:22:26.963Z',
  [Symbol(errorLabels)]: Set(0) {}
}
{
  service: 'user-service',
  index: 0,
  code: 11000,
  keyPattern: { id: 1 },
  keyValue: { id: 'F-00005' },
  level: 'error',
  message: 'GlobalErrorHander E11000 duplicate key error collection: university-management.faculties index: id_1 dup key: { id: "F-00005" }',
  stack: 'MongoServerError: E11000 duplicate key error collection: university-management.faculties index: id_1 dup key: { id: "F-00005" }\n' +
    '    at E:\\Programing Hero\\university-management-backend\\node_modules\\mongodb\\src\\operations\\insert.ts:85:25\n' +
    '    at E:\\Programing Hero\\university-management-backend\\node_modules\\mongodb\\src\\cmap\\connection_pool.ts:574:11\n' +
    '    at E:\\Programing Hero\\university-management-backend\\node_modules\\mongodb\\src\\sdam\\server.ts:368:13\n' +
    '    at handleOperationResult (E:\\Programing Hero\\university-management-backend\\node_modules\\mongodb\\src\\sdam\\server.ts:502:14)\n' +
    '    at Connection.onMessage (E:\\Programing Hero\\university-management-backend\\node_modules\\mongodb\\src\\cmap\\connection.ts:418:5)\n' +
    '    at MessageStream.<anonymous> (E:\\Programing Hero\\university-management-backend\\node_modules\\mongodb\\src\\cmap\\connection.ts:243:56)\n' +
    '    at MessageStream.emit (node:events:512:28)\n' +
    '    at processIncomingData (E:\\Programing Hero\\university-management-backend\\node_modules\\mongodb\\src\\cmap\\message_stream.ts:187:12)\n' +
    '    at MessageStream._write (E:\\Programing Hero\\university-management-backend\\node_modules\\mongodb\\src\\cmap\\message_stream.ts:68:5)\n' +
    '    at writeOrBuffer (node:internal/streams/writable:392:12)',
  label: 'DUCK',
  timestamp: '2023-06-25T11:23:50.779Z',
  [Symbol(errorLabels)]: Set(0) {}
}
{
  level: 'error',
  service: 'user-service',
  label: 'DUCK',
  timestamp: '2023-06-25T11:25:26.896Z',
  [Symbol(errorLabels)]: Set(0) {}
}
{
  level: 'error',
  service: 'user-service',
  label: 'DUCK',
  timestamp: '2023-06-25T11:28:31.697Z',
  [Symbol(errorLabels)]: Set(0) {}
}
{
  level: 'error',
  service: 'user-service',
  label: 'DUCK',
  timestamp: '2023-06-25T11:30:46.086Z',
  [Symbol(errorLabels)]: Set(0) {}
}
