{
  service: 'user-service',
  stringValue: `"{ id: '6493afd9ffb4132b7b3637e2' }"`,
  messageFormat: undefined,
  kind: 'ObjectId',
  value: { id: '6493afd9ffb4132b7b3637e2' },
  path: '_id',
  reason: BSONError: Argument passed in must be a string of 12 bytes or a string of 24 hex characters or an integer
      at new ObjectId (E:\Programing Hero\university-management-backend\node_modules\bson\src\objectid.ts:88:15)
      at castObjectId (E:\Programing Hero\university-management-backend\node_modules\mongoose\lib\cast\objectid.js:25:12)
      at ObjectId.cast (E:\Programing Hero\university-management-backend\node_modules\mongoose\lib\schema\objectid.js:246:12)
      at ObjectId.SchemaType.applySetters (E:\Programing Hero\university-management-backend\node_modules\mongoose\lib\schematype.js:1204:12)
      at ObjectId.SchemaType.castForQuery (E:\Programing Hero\university-management-backend\node_modules\mongoose\lib\schematype.js:1616:15)
      at cast (E:\Programing Hero\university-management-backend\node_modules\mongoose\lib\cast.js:290:34)
      at model.Query.Query.cast (E:\Programing Hero\university-management-backend\node_modules\mongoose\lib\query.js:4874:12)
      at model.Query.Query._castConditions (E:\Programing Hero\university-management-backend\node_modules\mongoose\lib\query.js:2210:10)
      at model.Query._findOne (E:\Programing Hero\university-management-backend\node_modules\mongoose\lib\query.js:2497:8)
      at model.Query.exec (E:\Programing Hero\university-management-backend\node_modules\mongoose\lib\query.js:4404:28),
  valueType: 'Object',
  model: Model { Faculty },
  level: 'error',
  message: `GlobalErrorHander Cast to ObjectId failed for value "{ id: '6493afd9ffb4132b7b3637e2' }" (type Object) at path "_id" for model "Faculty"`,
  stack: `CastError: Cast to ObjectId failed for value "{ id: '6493afd9ffb4132b7b3637e2' }" (type Object) at path "_id" for model "Faculty"\n` +
    '    at ObjectId.cast (E:\\Programing Hero\\university-management-backend\\node_modules\\mongoose\\lib\\schema\\objectid.js:248:11)\n' +
    '    at ObjectId.SchemaType.applySetters (E:\\Programing Hero\\university-management-backend\\node_modules\\mongoose\\lib\\schematype.js:1204:12)\n' +
    '    at ObjectId.SchemaType.castForQuery (E:\\Programing Hero\\university-management-backend\\node_modules\\mongoose\\lib\\schematype.js:1616:15)\n' +
    '    at cast (E:\\Programing Hero\\university-management-backend\\node_modules\\mongoose\\lib\\cast.js:290:34)\n' +
    '    at model.Query.Query.cast (E:\\Programing Hero\\university-management-backend\\node_modules\\mongoose\\lib\\query.js:4874:12)\n' +
    '    at model.Query.Query._castConditions (E:\\Programing Hero\\university-management-backend\\node_modules\\mongoose\\lib\\query.js:2210:10)\n' +
    '    at model.Query._findOne (E:\\Programing Hero\\university-management-backend\\node_modules\\mongoose\\lib\\query.js:2497:8)\n' +
    '    at model.Query.exec (E:\\Programing Hero\\university-management-backend\\node_modules\\mongoose\\lib\\query.js:4404:28)\n' +
    '    at processTicksAndRejections (node:internal/process/task_queues:95:5)',
  label: 'DUCK',
  timestamp: '2023-06-22T06:22:07.814Z'
}
{
  level: 'error',
  service: 'user-service',
  label: 'DUCK',
  timestamp: '2023-06-22T06:51:52.812Z',
  [Symbol(errorLabels)]: Set(0) {}
}
{
  level: 'error',
  service: 'user-service',
  label: 'DUCK',
  timestamp: '2023-06-22T06:59:54.786Z',
  [Symbol(errorLabels)]: Set(0) {}
}
