{
  level: 'error',
  service: 'user-service',
  label: 'DUCK',
  timestamp: '2023-06-22T10:56:42.390Z',
  [Symbol(errorLabels)]: Set(0) {}
}
{
  service: 'user-service',
  index: 0,
  code: 11000,
  keyPattern: { email: 1 },
  keyValue: { email: 'manikmomin39@gmail.com' },
  level: 'error',
  message: 'GlobalErrorHander E11000 duplicate key error collection: university-management.faculties index: email_1 dup key: { email: "manikmomin39@gmail.com" }',
  stack: 'MongoServerError: E11000 duplicate key error collection: university-management.faculties index: email_1 dup key: { email: "manikmomin39@gmail.com" }\n' +
    '    at E:\\Programing Hero\\university-management-backend\\node_modules\\mongodb\\src\\operations\\insert.ts:85:25\n' +
    '    at E:\\Programing Hero\\university-management-backend\\node_modules\\mongodb\\src\\cmap\\connection_pool.ts:574:11\n' +
    '    at E:\\Programing Hero\\university-management-backend\\node_modules\\mongodb\\src\\sdam\\server.ts:368:13\n' +
    '    at handleOperationResult (E:\\Programing Hero\\university-management-backend\\node_modules\\mongodb\\src\\sdam\\server.ts:502:14)\n' +
    '    at Connection.onMessage (E:\\Programing Hero\\university-management-backend\\node_modules\\mongodb\\src\\cmap\\connection.ts:418:5)\n' +
    '    at MessageStream.<anonymous> (E:\\Programing Hero\\university-management-backend\\node_modules\\mongodb\\src\\cmap\\connection.ts:243:56)\n' +
    '    at MessageStream.emit (node:events:512:28)\n' +
    '    at processIncomingData (E:\\Programing Hero\\university-management-backend\\node_modules\\mongodb\\src\\cmap\\message_stream.ts:187:12)\n' +
    '    at MessageStream._write (E:\\Programing Hero\\university-management-backend\\node_modules\\mongodb\\src\\cmap\\message_stream.ts:68:5)\n' +
    '    at writeOrBuffer (node:internal/streams/writable:392:12)',
  label: 'DUCK',
  timestamp: '2023-06-22T10:58:29.624Z',
  [Symbol(errorLabels)]: Set(0) {}
}
{
  service: 'user-service',
  index: 0,
  code: 11000,
  keyPattern: { email: 1 },
  keyValue: { email: 'manikmomin39@gmail.com' },
  level: 'error',
  message: 'GlobalErrorHander E11000 duplicate key error collection: university-management.faculties index: email_1 dup key: { email: "manikmomin39@gmail.com" }',
  stack: 'MongoServerError: E11000 duplicate key error collection: university-management.faculties index: email_1 dup key: { email: "manikmomin39@gmail.com" }\n' +
    '    at E:\\Programing Hero\\university-management-backend\\node_modules\\mongodb\\src\\operations\\insert.ts:85:25\n' +
    '    at E:\\Programing Hero\\university-management-backend\\node_modules\\mongodb\\src\\cmap\\connection_pool.ts:574:11\n' +
    '    at E:\\Programing Hero\\university-management-backend\\node_modules\\mongodb\\src\\sdam\\server.ts:368:13\n' +
    '    at handleOperationResult (E:\\Programing Hero\\university-management-backend\\node_modules\\mongodb\\src\\sdam\\server.ts:502:14)\n' +
    '    at Connection.onMessage (E:\\Programing Hero\\university-management-backend\\node_modules\\mongodb\\src\\cmap\\connection.ts:418:5)\n' +
    '    at MessageStream.<anonymous> (E:\\Programing Hero\\university-management-backend\\node_modules\\mongodb\\src\\cmap\\connection.ts:243:56)\n' +
    '    at MessageStream.emit (node:events:512:28)\n' +
    '    at processIncomingData (E:\\Programing Hero\\university-management-backend\\node_modules\\mongodb\\src\\cmap\\message_stream.ts:187:12)\n' +
    '    at MessageStream._write (E:\\Programing Hero\\university-management-backend\\node_modules\\mongodb\\src\\cmap\\message_stream.ts:68:5)\n' +
    '    at writeOrBuffer (node:internal/streams/writable:392:12)',
  label: 'DUCK',
  timestamp: '2023-06-22T10:59:02.827Z',
  [Symbol(errorLabels)]: Set(0) {}
}
{
  service: 'user-service',
  index: 0,
  code: 11000,
  keyPattern: { email: 1 },
  keyValue: { email: 'manikmomin39@gmail.com' },
  level: 'error',
  message: 'GlobalErrorHander E11000 duplicate key error collection: university-management.faculties index: email_1 dup key: { email: "manikmomin39@gmail.com" }',
  stack: 'MongoServerError: E11000 duplicate key error collection: university-management.faculties index: email_1 dup key: { email: "manikmomin39@gmail.com" }\n' +
    '    at E:\\Programing Hero\\university-management-backend\\node_modules\\mongodb\\src\\operations\\insert.ts:85:25\n' +
    '    at E:\\Programing Hero\\university-management-backend\\node_modules\\mongodb\\src\\cmap\\connection_pool.ts:574:11\n' +
    '    at E:\\Programing Hero\\university-management-backend\\node_modules\\mongodb\\src\\sdam\\server.ts:368:13\n' +
    '    at handleOperationResult (E:\\Programing Hero\\university-management-backend\\node_modules\\mongodb\\src\\sdam\\server.ts:502:14)\n' +
    '    at Connection.onMessage (E:\\Programing Hero\\university-management-backend\\node_modules\\mongodb\\src\\cmap\\connection.ts:418:5)\n' +
    '    at MessageStream.<anonymous> (E:\\Programing Hero\\university-management-backend\\node_modules\\mongodb\\src\\cmap\\connection.ts:243:56)\n' +
    '    at MessageStream.emit (node:events:512:28)\n' +
    '    at processIncomingData (E:\\Programing Hero\\university-management-backend\\node_modules\\mongodb\\src\\cmap\\message_stream.ts:187:12)\n' +
    '    at MessageStream._write (E:\\Programing Hero\\university-management-backend\\node_modules\\mongodb\\src\\cmap\\message_stream.ts:68:5)\n' +
    '    at writeOrBuffer (node:internal/streams/writable:392:12)',
  label: 'DUCK',
  timestamp: '2023-06-22T10:59:53.935Z',
  [Symbol(errorLabels)]: Set(0) {}
}
