{
  ok: 0,
  code: 2,
  codeName: 'BadValue',
  '$clusterTime': {
    clusterTime: new Timestamp({ t: 1686626663, i: 2 }),
    signature: {
      hash: Binary.createFromBase64("4Y1JcI9P/qwDbRvJFkCI/J5+6aA=", 0),
      keyId: new Long("7183337771837161473")
    }
  },
  operationTime: new Timestamp({ t: 1686626663, i: 2 }),
  level: 'error',
  service: 'user-service',
  label: 'DUCK',
  timestamp: '2023-06-13T03:24:31.765Z',
  [Symbol(errorLabels)]: Set(0) {}
}
{
  ok: 0,
  code: 2,
  codeName: 'BadValue',
  '$clusterTime': {
    clusterTime: new Timestamp({ t: 1686627549, i: 3 }),
    signature: {
      hash: Binary.createFromBase64("dmwFnt50TYLHinF8HXHCFn36ohk=", 0),
      keyId: new Long("7183337771837161473")
    }
  },
  operationTime: new Timestamp({ t: 1686627549, i: 3 }),
  level: 'error',
  service: 'user-service',
  label: 'DUCK',
  timestamp: '2023-06-13T03:39:41.969Z',
  [Symbol(errorLabels)]: Set(0) {}
}
