{
  stringValue: '"6485621db2fdd5341fc732"',
  messageFormat: undefined,
  kind: 'ObjectId',
  value: '6485621db2fdd5341fc732',
  path: '_id',
  reason: BSONError: Argument passed in must be a string of 12 bytes or a string of 24 hex characters or an integer
      at new ObjectId (E:\Programing Hero\university-management-backend\node_modules\bson\src\objectid.ts:88:15)
      at castObjectId (E:\Programing Hero\university-management-backend\node_modules\mongoose\lib\cast\objectid.js:25:12)
      at ObjectId.cast (E:\Programing Hero\university-management-backend\node_modules\mongoose\lib\schema\objectid.js:246:12)
      at ObjectId.SchemaType.applySetters (E:\Programing Hero\university-management-backend\node_modules\mongoose\lib\schematype.js:1204:12)
      at ObjectId.SchemaType.castForQuery (E:\Programing Hero\university-management-backend\node_modules\mongoose\lib\schematype.js:1616:15)
      at cast (E:\Programing Hero\university-management-backend\node_modules\mongoose\lib\cast.js:348:32)
      at model.Query.Query.cast (E:\Programing Hero\university-management-backend\node_modules\mongoose\lib\query.js:4874:12)
      at model.Query.Query._castConditions (E:\Programing Hero\university-management-backend\node_modules\mongoose\lib\query.js:2210:10)
      at model.Query._findOne (E:\Programing Hero\university-management-backend\node_modules\mongoose\lib\query.js:2497:8)
      at model.Query.exec (E:\Programing Hero\university-management-backend\node_modules\mongoose\lib\query.js:4404:28),
  valueType: 'string',
  model: Model { AcademicSemester },
  level: 'error',
  service: 'user-service',
  label: 'DUCK',
  timestamp: '2023-06-13T05:25:06.488Z'
}
{
  stringValue: '"6485621db2fdd5341fc732"',
  messageFormat: undefined,
  kind: 'ObjectId',
  value: '6485621db2fdd5341fc732',
  path: '_id',
  reason: BSONError: Argument passed in must be a string of 12 bytes or a string of 24 hex characters or an integer
      at new ObjectId (E:\Programing Hero\university-management-backend\node_modules\bson\src\objectid.ts:88:15)
      at castObjectId (E:\Programing Hero\university-management-backend\node_modules\mongoose\lib\cast\objectid.js:25:12)
      at ObjectId.cast (E:\Programing Hero\university-management-backend\node_modules\mongoose\lib\schema\objectid.js:246:12)
      at ObjectId.SchemaType.applySetters (E:\Programing Hero\university-management-backend\node_modules\mongoose\lib\schematype.js:1204:12)
      at ObjectId.SchemaType.castForQuery (E:\Programing Hero\university-management-backend\node_modules\mongoose\lib\schematype.js:1616:15)
      at cast (E:\Programing Hero\university-management-backend\node_modules\mongoose\lib\cast.js:348:32)
      at model.Query.Query.cast (E:\Programing Hero\university-management-backend\node_modules\mongoose\lib\query.js:4874:12)
      at model.Query.Query._castConditions (E:\Programing Hero\university-management-backend\node_modules\mongoose\lib\query.js:2210:10)
      at model.Query._findOne (E:\Programing Hero\university-management-backend\node_modules\mongoose\lib\query.js:2497:8)
      at model.Query.exec (E:\Programing Hero\university-management-backend\node_modules\mongoose\lib\query.js:4404:28),
  valueType: 'string',
  model: Model { AcademicSemester },
  level: 'error',
  service: 'user-service',
  label: 'DUCK',
  timestamp: '2023-06-13T05:43:11.251Z'
}
