{
  service: 'user-service',
  stringValue: '"280200001"',
  messageFormat: undefined,
  kind: 'ObjectId',
  value: '280200001',
  path: '_id',
  reason: BSONError: Argument passed in must be a string of 12 bytes or a string of 24 hex characters or an integer
      at new ObjectId (E:\Programing Hero\university-management-backend\node_modules\bson\src\objectid.ts:88:15)
      at castObjectId (E:\Programing Hero\university-management-backend\node_modules\mongoose\lib\cast\objectid.js:25:12)
      at ObjectId.cast (E:\Programing Hero\university-management-backend\node_modules\mongoose\lib\schema\objectid.js:246:12)
      at ObjectId.SchemaType.applySetters (E:\Programing Hero\university-management-backend\node_modules\mongoose\lib\schematype.js:1204:12)
      at ObjectId.SchemaType.castForQuery (E:\Programing Hero\university-management-backend\node_modules\mongoose\lib\schematype.js:1616:15)
      at cast (E:\Programing Hero\university-management-backend\node_modules\mongoose\lib\cast.js:348:32)
      at model.Query.Query.cast (E:\Programing Hero\university-management-backend\node_modules\mongoose\lib\query.js:4874:12)
      at model.Query.Query._castConditions (E:\Programing Hero\university-management-backend\node_modules\mongoose\lib\query.js:2210:10)
      at model.Query._findOne (E:\Programing Hero\university-management-backend\node_modules\mongoose\lib\query.js:2497:8)
      at model.Query.exec (E:\Programing Hero\university-management-backend\node_modules\mongoose\lib\query.js:4404:28),
  valueType: 'string',
  model: Model { Student },
  level: 'error',
  message: 'GlobalErrorHander Cast to ObjectId failed for value "280200001" (type string) at path "_id" for model "Student"',
  stack: 'CastError: Cast to ObjectId failed for value "280200001" (type string) at path "_id" for model "Student"\n' +
    '    at ObjectId.cast (E:\\Programing Hero\\university-management-backend\\node_modules\\mongoose\\lib\\schema\\objectid.js:248:11)\n' +
    '    at ObjectId.SchemaType.applySetters (E:\\Programing Hero\\university-management-backend\\node_modules\\mongoose\\lib\\schematype.js:1204:12)\n' +
    '    at ObjectId.SchemaType.castForQuery (E:\\Programing Hero\\university-management-backend\\node_modules\\mongoose\\lib\\schematype.js:1616:15)\n' +
    '    at cast (E:\\Programing Hero\\university-management-backend\\node_modules\\mongoose\\lib\\cast.js:348:32)\n' +
    '    at model.Query.Query.cast (E:\\Programing Hero\\university-management-backend\\node_modules\\mongoose\\lib\\query.js:4874:12)\n' +
    '    at model.Query.Query._castConditions (E:\\Programing Hero\\university-management-backend\\node_modules\\mongoose\\lib\\query.js:2210:10)\n' +
    '    at model.Query._findOne (E:\\Programing Hero\\university-management-backend\\node_modules\\mongoose\\lib\\query.js:2497:8)\n' +
    '    at model.Query.exec (E:\\Programing Hero\\university-management-backend\\node_modules\\mongoose\\lib\\query.js:4404:28)\n' +
    '    at processTicksAndRejections (node:internal/process/task_queues:95:5)',
  label: 'DUCK',
  timestamp: '2023-06-15T17:35:54.013Z'
}
{
  service: 'user-service',
  issues: [
    {
      code: 'invalid_type',
      expected: 'object',
      received: 'undefined',
      path: [ 'body', 'guardian' ],
      message: 'Required'
    }
  ],
  addIssue: [Function (anonymous)],
  addIssues: [Function (anonymous)],
  name: 'ZodError',
  level: 'error',
  message: 'GlobalErrorHander [\n' +
    '  {\n' +
    '    "code": "invalid_type",\n' +
    '    "expected": "object",\n' +
    '    "received": "undefined",\n' +
    '    "path": [\n' +
    '      "body",\n' +
    '      "guardian"\n' +
    '    ],\n' +
    '    "message": "Required"\n' +
    '  }\n' +
    ']',
  stack: 'ZodError: [\n' +
    '  {\n' +
    '    "code": "invalid_type",\n' +
    '    "expected": "object",\n' +
    '    "received": "undefined",\n' +
    '    "path": [\n' +
    '      "body",\n' +
    '      "guardian"\n' +
    '    ],\n' +
    '    "message": "Required"\n' +
    '  }\n' +
    ']\n' +
    '    at Object.get error [as error] (E:\\Programing Hero\\university-management-backend\\node_modules\\zod\\lib\\types.js:43:31)\n' +
    '    at ZodObject.parseAsync (E:\\Programing Hero\\university-management-backend\\node_modules\\zod\\lib\\types.js:164:22)\n' +
    '    at processTicksAndRejections (node:internal/process/task_queues:95:5)',
  label: 'DUCK',
  timestamp: '2023-06-15T17:36:52.773Z'
}
