{
  statusCode: 409,
  level: 'error',
  service: 'user-service',
  label: 'DUCK',
  timestamp: '2023-06-11T16:19:56.946Z'
}
{
  statusCode: 409,
  level: 'error',
  service: 'user-service',
  label: 'DUCK',
  timestamp: '2023-06-11T16:22:05.332Z'
}
{
  statusCode: 409,
  level: 'error',
  service: 'user-service',
  label: 'DUCK',
  timestamp: '2023-06-11T16:27:02.931Z'
}
{
  statusCode: 400,
  level: 'error',
  service: 'user-service',
  label: 'DUCK',
  timestamp: '2023-06-11T16:28:01.477Z'
}
{
  statusCode: 409,
  level: 'error',
  service: 'user-service',
  label: 'DUCK',
  timestamp: '2023-06-11T16:30:32.802Z'
}
